#
# There is insufficient memory for the Java Runtime Environment to continue.
# Native memory allocation (malloc) failed to allocate 1048576 bytes for AllocateHeap
# Possible reasons:
#   The system is out of physical RAM or swap space
#   In 32 bit mode, the process size limit was hit
# Possible solutions:
#   Reduce memory load on the system
#   Increase physical memory or swap space
#   Check if swap backing store is full
#   Use 64 bit Java on a 64 bit OS
#   Decrease Java heap size (-Xmx/-Xms)
#   Decrease number of Java threads
#   Decrease Java thread stack sizes (-Xss)
#   Set larger code cache with -XX:ReservedCodeCacheSize=
# This output file may be truncated or incomplete.
#
#  Out of Memory Error (memory/allocation.inline.hpp:61), pid=12856, tid=0x0000000000007efc
#
# JRE version:  (8.0) (build )
# Java VM: OpenJDK 64-Bit Server VM (25.71-b00 mixed mode windows-amd64 compressed oops)
# Failed to write core dump. Minidumps are not enabled by default on client versions of Windows
#

---------------  T H R E A D  ---------------

Current thread (0x0000000002c43000):  JavaThread "Unknown thread" [_thread_in_vm, id=32508, stack(0x0000000002b00000,0x0000000002c00000)]

Stack: [0x0000000002b00000,0x0000000002c00000]
[error occurred during error reporting (printing stack bounds), id 0xc0000005]

Native frames: (J=compiled Java code, j=interpreted, Vv=VM code, C=native code)


---------------  P R O C E S S  ---------------

Java Threads: ( => current thread )

Other Threads:

=>0x0000000002c43000 (exited) JavaThread "Unknown thread" [_thread_in_vm, id=32508, stack(0x0000000002b00000,0x0000000002c00000)]

VM state:not at safepoint (normal execution)

VM Mutex/Monitor currently owned by a thread: None

Heap:
 PSYoungGen      total 38400K, used 665K [0x00000000d5f00000, 0x00000000d8980000, 0x0000000100000000)
  eden space 33280K, 2% used [0x00000000d5f00000,0x00000000d5fa6670,0x00000000d7f80000)
  from space 5120K, 0% used [0x00000000d8480000,0x00000000d8480000,0x00000000d8980000)
  to   space 5120K, 0% used [0x00000000d7f80000,0x00000000d7f80000,0x00000000d8480000)
 ParOldGen       total 87552K, used 0K [0x0000000081c00000, 0x0000000087180000, 0x00000000d5f00000)
  object space 87552K, 0% used [0x0000000081c00000,0x0000000081c00000,0x0000000087180000)
 Metaspace       used 777K, capacity 4480K, committed 4480K, reserved 1056768K
  class space    used 74K, capacity 384K, committed 384K, reserved 1048576K

Card table byte_map: [0x00000000121e0000,0x00000000125e0000] byte_map_base: 0x0000000011dd2000

Marking Bits: (ParMarkBitMap*) 0x000000005e6fbe50
 Begin Bits: [0x0000000013090000, 0x0000000015020000)
 End Bits:   [0x0000000015020000, 0x0000000016fb0000)

Polling page: 0x0000000000d70000

CodeCache: size=245760Kb used=328Kb max_used=328Kb free=245431Kb
 bounds [0x0000000002e20000, 0x0000000003090000, 0x0000000011e20000]
 total_blobs=57 nmethods=0 adapters=38
 compilation: enabled

Compilation events (0 events):
No events

GC Heap History (0 events):
No events

Deoptimization events (0 events):
No events

Classes redefined (0 events):
No events

Internal exceptions (0 events):
No events

Events (10 events):
Event: 0.026 loading class java/lang/Short
Event: 0.026 loading class java/lang/Short done
Event: 0.026 loading class java/lang/Integer
Event: 0.027 loading class java/lang/Integer done
Event: 0.027 loading class java/lang/Long
Event: 0.027 loading class java/lang/Long done
Event: 0.027 loading class java/lang/NullPointerException
Event: 0.027 loading class java/lang/NullPointerException done
Event: 0.027 loading class java/lang/ArithmeticException
Event: 0.027 loading class java/lang/ArithmeticException done


Dynamic libraries:
0x00007ff7b5910000 - 0x00007ff7b5945000 	C:\Program Files\Unity\Hub\Editor\2018.4.21f1\Editor\Data\PlaybackEngines\AndroidPlayer\Tools\OpenJDK\Windows\bin\java.exe
0x00007ffd9f350000 - 0x00007ffd9f53d000 	C:\Windows\SYSTEM32\ntdll.dll
0x00007ffd9c9f0000 - 0x00007ffd9caa3000 	C:\Windows\System32\KERNEL32.DLL
0x00007ffd9bd40000 - 0x00007ffd9bfd5000 	C:\Windows\System32\KERNELBASE.dll
0x00007ffd9c620000 - 0x00007ffd9c6c3000 	C:\Windows\System32\ADVAPI32.dll
0x00007ffd9e420000 - 0x00007ffd9e4be000 	C:\Windows\System32\msvcrt.dll
0x00007ffd9e6d0000 - 0x00007ffd9e76e000 	C:\Windows\System32\sechost.dll
0x00007ffd9e290000 - 0x00007ffd9e3b2000 	C:\Windows\System32\RPCRT4.dll
0x00007ffd9e4c0000 - 0x00007ffd9e657000 	C:\Windows\System32\USER32.dll
0x00007ffd9c500000 - 0x00007ffd9c520000 	C:\Windows\System32\win32u.dll
0x00007ffd9cab0000 - 0x00007ffd9cad9000 	C:\Windows\System32\GDI32.dll
0x00007ffd9c2e0000 - 0x00007ffd9c479000 	C:\Windows\System32\gdi32full.dll
0x00007ffd9c1c0000 - 0x00007ffd9c260000 	C:\Windows\System32\msvcp_win.dll
0x00007ffd9bc40000 - 0x00007ffd9bd3a000 	C:\Windows\System32\ucrtbase.dll
0x00007ffd7bcd0000 - 0x00007ffd7bf49000 	C:\Windows\WinSxS\amd64_microsoft.windows.common-controls_6595b64144ccf1df_6.0.17763.1158_none_de722d88534a897f\COMCTL32.dll
0x00007ffd9e770000 - 0x00007ffd9ea9c000 	C:\Windows\System32\combase.dll
0x00007ffd9c260000 - 0x00007ffd9c2de000 	C:\Windows\System32\bcryptPrimitives.dll
0x00007ffd9ec00000 - 0x00007ffd9ec2e000 	C:\Windows\System32\IMM32.DLL
0x000000005e780000 - 0x000000005e852000 	C:\Program Files\Unity\Hub\Editor\2018.4.21f1\Editor\Data\PlaybackEngines\AndroidPlayer\Tools\OpenJDK\Windows\jre\bin\msvcr100.dll
0x000000005df30000 - 0x000000005e779000 	C:\Program Files\Unity\Hub\Editor\2018.4.21f1\Editor\Data\PlaybackEngines\AndroidPlayer\Tools\OpenJDK\Windows\jre\bin\server\jvm.dll
0x00007ffd9ebf0000 - 0x00007ffd9ebf8000 	C:\Windows\System32\PSAPI.DLL
0x00007ffd94bb0000 - 0x00007ffd94bba000 	C:\Windows\SYSTEM32\VERSION.dll
0x00007ffd8e190000 - 0x00007ffd8e199000 	C:\Windows\SYSTEM32\WSOCK32.dll
0x00007ffd91dc0000 - 0x00007ffd91de4000 	C:\Windows\SYSTEM32\WINMM.dll
0x00007ffd9ece0000 - 0x00007ffd9ed4d000 	C:\Windows\System32\WS2_32.dll
0x00007ffd91d90000 - 0x00007ffd91dbd000 	C:\Windows\SYSTEM32\winmmbase.dll
0x00007ffd9c520000 - 0x00007ffd9c56a000 	C:\Windows\System32\cfgmgr32.dll
0x00007ffd95f30000 - 0x00007ffd95f3f000 	C:\Program Files\Unity\Hub\Editor\2018.4.21f1\Editor\Data\PlaybackEngines\AndroidPlayer\Tools\OpenJDK\Windows\jre\bin\verify.dll
0x00007ffd83880000 - 0x00007ffd838a9000 	C:\Program Files\Unity\Hub\Editor\2018.4.21f1\Editor\Data\PlaybackEngines\AndroidPlayer\Tools\OpenJDK\Windows\jre\bin\java.dll
0x00007ffd954c0000 - 0x00007ffd954d6000 	C:\Program Files\Unity\Hub\Editor\2018.4.21f1\Editor\Data\PlaybackEngines\AndroidPlayer\Tools\OpenJDK\Windows\jre\bin\zip.dll

VM Arguments:
jvm_args: -Dcom.android.sdkmanager.toolsdir=C:\Users\guipa\AppData\Local\Android\Sdk\tools\bin\\.. 
java_command: com.android.sdklib.tool.AvdManagerCli list target -c
java_class_path (initial): C:\Users\guipa\AppData\Local\Android\Sdk\tools\bin\..\lib\dvlib-26.0.0-dev.jar;C:\Users\guipa\AppData\Local\Android\Sdk\tools\bin\..\lib\jimfs-1.1.jar;C:\Users\guipa\AppData\Local\Android\Sdk\tools\bin\..\lib\jsr305-1.3.9.jar;C:\Users\guipa\AppData\Local\Android\Sdk\tools\bin\..\lib\repository-26.0.0-dev.jar;C:\Users\guipa\AppData\Local\Android\Sdk\tools\bin\..\lib\j2objc-annotations-1.1.jar;C:\Users\guipa\AppData\Local\Android\Sdk\tools\bin\..\lib\layoutlib-api-26.0.0-dev.jar;C:\Users\guipa\AppData\Local\Android\Sdk\tools\bin\..\lib\gson-2.3.jar;C:\Users\guipa\AppData\Local\Android\Sdk\tools\bin\..\lib\httpcore-4.2.5.jar;C:\Users\guipa\AppData\Local\Android\Sdk\tools\bin\..\lib\commons-logging-1.1.1.jar;C:\Users\guipa\AppData\Local\Android\Sdk\tools\bin\..\lib\commons-compress-1.12.jar;C:\Users\guipa\AppData\Local\Android\Sdk\tools\bin\..\lib\annotations-26.0.0-dev.jar;C:\Users\guipa\AppData\Local\Android\Sdk\tools\bin\..\lib\error_prone_annotations-2.0.18.jar;C:\Users\guipa\AppData\Local\Android\Sdk\tools\bin\..\lib\animal-sniffer-annotations-1.14.jar;C:\Users\guipa\AppData\Local\Android\Sdk\tools\bin\..\lib\httpclient-4.2.6.jar;C:\Users\guipa\AppData\Local\Android\Sdk\tools\bin\..\lib\commons-codec-1.6.jar;C:\Users\guipa\AppData\Local\Android\Sdk\tools\bin\..\lib\common-26.0.0-dev.jar;C:\Users\guipa\AppData\Local\Android\Sdk\tools\bin\..\lib\kxml2-2.3.0.jar;C:\Users\guipa\AppData\Local\Android\Sdk\tools\bin\..\lib\httpmime-4.1.jar;C:\Users\guipa\AppData\Local\Android\Sdk\tools\bin\..\lib\annotations-12.0.jar;C:\Users\guipa\AppData\Local\Android\Sdk\tools\bin\..\lib\sdklib-26.0.0-dev.jar;C:\Users\guipa\AppData\Local\Android\Sdk\tools\bin\..\lib\guava-22.0.jar
Launcher Type: SUN_STANDARD

Environment Variables:
JAVA_HOME=C:\Program Files\Unity\Hub\Editor\2018.4.21f1\Editor\Data\PlaybackEngines\AndroidPlayer/Tools\OpenJDK\Windows
CLASSPATH=C:\Users\guipa\AppData\Local\Android\Sdk\tools\bin\..\lib\dvlib-26.0.0-dev.jar;C:\Users\guipa\AppData\Local\Android\Sdk\tools\bin\..\lib\jimfs-1.1.jar;C:\Users\guipa\AppData\Local\Android\Sdk\tools\bin\..\lib\jsr305-1.3.9.jar;C:\Users\guipa\AppData\Local\Android\Sdk\tools\bin\..\lib\repository-26.0.0-dev.jar;C:\Users\guipa\AppData\Local\Android\Sdk\tools\bin\..\lib\j2objc-annotations-1.1.jar;C:\Users\guipa\AppData\Local\Android\Sdk\tools\bin\..\lib\layoutlib-api-26.0.0-dev.jar;C:\Users\guipa\AppData\Local\Android\Sdk\tools\bin\..\lib\gson-2.3.jar;C:\Users\guipa\AppData\Local\Android\Sdk\tools\bin\..\lib\httpcore-4.2.5.jar;C:\Users\guipa\AppData\Local\Android\Sdk\tools\bin\..\lib\commons-logging-1.1.1.jar;C:\Users\guipa\AppData\Local\Android\Sdk\tools\bin\..\lib\commons-compress-1.12.jar;C:\Users\guipa\AppData\Local\Android\Sdk\tools\bin\..\lib\annotations-26.0.0-dev.jar;C:\Users\guipa\AppData\Local\Android\Sdk\tools\bin\..\lib\error_prone_annotations-2.0.18.jar;C:\Users\guipa\AppData\Local\Android\Sdk\tools\bin\..\lib\animal-sniffer-annotations-1.14.jar;C:\Users\guipa\AppData\Local\Android\Sdk\tools\bin\..\lib\httpclient-4.2.6.jar;C:\Users\guipa\AppData\Local\Android\Sdk\tools\bin\..\lib\commons-codec-1.6.jar;C:\Users\guipa\AppData\Local\Android\Sdk\tools\bin\..\lib\common-26.0.0-dev.jar;C:\Users\guipa\AppData\Local\Android\Sdk\tools\bin\..\lib\kxml2-2.3.0.jar;C:\Users\guipa\AppData\Local\Android\Sdk\tools\bin\..\lib\httpmime-4.1.jar;C:\Users\guipa\AppData\Local\Android\Sdk\tools\bin\..\lib\annotations-12.0.jar;C:\Users\guipa\AppData\Local\Android\Sdk\tools\bin\..\lib\sdklib-26.0.0-dev.jar;C:\Users\guipa\AppData\Local\Android\Sdk\tools\bin\..\lib\guava-22.0.jar
PATH=C:\Program Files (x86)\Common Files\Oracle\Java\javapath;C:\Program Files (x86)\Intel\iCLS Client\;C:\Program Files\Intel\iCLS Client\;C:\Windows\system32;C:\Windows;C:\Windows\System32\Wbem;C:\Windows\System32\WindowsPowerShell\v1.0\;C:\Windows\System32\OpenSSH\;C:\Program Files (x86)\Intel\Intel(R) Management Engine Components\DAL;C:\Program Files\Intel\Intel(R) Management Engine Components\DAL;C:\Program Files (x86)\Intel\Intel(R) Management Engine Components\IPT;C:\Program Files\Intel\Intel(R) Management Engine Components\IPT;C:\Program Files\Intel\WiFi\bin\;C:\Program Files\Common Files\Intel\WirelessCommon\;C:\Users\guipa\AppData\Local\Microsoft\WindowsApps;C:\Users\guipa\AppData\Local\GitHubDesktop\bin
USERNAME=guipa
OS=Windows_NT
PROCESSOR_IDENTIFIER=Intel64 Family 6 Model 142 Stepping 10, GenuineIntel



---------------  S Y S T E M  ---------------

OS: Windows 10.0 , 64 bit Build 17763 (10.0.17763.1158)

CPU:total 8 (initial active 8) (4 cores per cpu, 2 threads per core) family 6 model 142 stepping 10, cmov, cx8, fxsr, mmx, sse, sse2, sse3, ssse3, sse4.1, sse4.2, popcnt, avx, avx2, aes, clmul, erms, 3dnowpref, lzcnt, ht, tsc, tscinvbit, bmi1, bmi2, adx

Memory: 4k page, physical 8268924k(638748k free), swap 33434748k(5640k free)

vm_info: OpenJDK 64-Bit Server VM (25.71-b00) for windows-amd64 JRE (1.8.0-adoptopenjdk-_2018_05_19_00_59-b00), built on May 19 2018 01:02:12 by "jenkins" with MS VC++ 10.0 (VS2010)

time: Wed May 06 17:44:28 2020
elapsed time: 0 seconds (0d 0h 0m 0s)

